<?xml version="1.0" encoding="utf-8"?><testsuites name="pytest tests"><testsuite name="pytest" errors="0" failures="0" skipped="0" tests="22" time="1.032" timestamp="2026-01-30T01:54:47.437245+00:00" hostname="agent-env-81e774c1-a671-4222-8eca-bbf35efde741"><testcase classname="backend.tests.test_backup_cloud_api.TestBackupCloudStats" name="test_stats_endpoint_returns_200" time="0.084" /><testcase classname="backend.tests.test_backup_cloud_api.TestBackupCloudStats" name="test_stats_response_structure" time="0.043" /><testcase classname="backend.tests.test_backup_cloud_api.TestBackupCloudStats" name="test_stats_schedule_data" time="0.042" /><testcase classname="backend.tests.test_backup_cloud_api.TestBackupCloudStats" name="test_stats_zip_data" time="0.044" /><testcase classname="backend.tests.test_backup_cloud_api.TestBackupCloudStats" name="test_stats_log_counts" time="0.043" /><testcase classname="backend.tests.test_backup_cloud_api.TestBackupCloudLogs" name="test_logs_endpoint_returns_200" time="0.037" /><testcase classname="backend.tests.test_backup_cloud_api.TestBackupCloudLogs" name="test_logs_response_structure" time="0.040" /><testcase classname="backend.tests.test_backup_cloud_api.TestBackupCloudLogs" name="test_logs_with_limit_parameter" time="0.039" /><testcase classname="backend.tests.test_backup_cloud_api.TestBackupCloudLogs" name="test_logs_with_type_filter" time="0.048" /><testcase classname="backend.tests.test_backup_cloud_api.TestBackupCloudLogs" name="test_logs_entry_structure" time="0.039" /><testcase classname="backend.tests.test_backup_cloud_api.TestBackupCloudScheduleStatus" name="test_schedule_status_returns_200" time="0.037" /><testcase classname="backend.tests.test_backup_cloud_api.TestBackupCloudScheduleStatus" name="test_schedule_status_structure" time="0.036" /><testcase classname="backend.tests.test_backup_cloud_api.TestBackupCloudZipLatest" name="test_zip_latest_returns_200" time="0.032" /><testcase classname="backend.tests.test_backup_cloud_api.TestBackupCloudZipLatest" name="test_zip_latest_structure" time="0.035" /><testcase classname="backend.tests.test_backup_cloud_api.TestBackupCloudNotifications" name="test_notification_status_returns_200" time="0.077" /><testcase classname="backend.tests.test_backup_cloud_api.TestBackupCloudNotifications" name="test_notification_status_structure" time="0.034" /><testcase classname="backend.tests.test_backup_cloud_api.TestBackupCloudResendStatus" name="test_resend_status_returns_200" time="0.040" /><testcase classname="backend.tests.test_backup_cloud_api.TestBackupCloudResendStatus" name="test_resend_status_structure" time="0.036" /><testcase classname="backend.tests.test_backup_cloud_api.TestBackupCloudAtlasStatus" name="test_atlas_status_returns_200" time="0.037" /><testcase classname="backend.tests.test_backup_cloud_api.TestBackupCloudAtlasStatus" name="test_atlas_status_structure" time="0.045" /><testcase classname="backend.tests.test_backup_cloud_api.TestBackupCloudGCSStatus" name="test_gcs_status_returns_200" time="0.038" /><testcase classname="backend.tests.test_backup_cloud_api.TestBackupCloudGCSStatus" name="test_gcs_status_structure" time="0.037" /></testsuite></testsuites>