<?xml version="1.0" encoding="utf-8"?><testsuites name="pytest tests"><testsuite name="pytest" errors="0" failures="0" skipped="0" tests="15" time="0.733" timestamp="2026-01-22T12:31:06.806746+00:00" hostname="agent-env-932592bf-1fcc-47fb-b076-ab640b666fe7"><testcase classname="tests.test_password_reset.TestPasswordResetEndpoints" name="test_forgot_password_existing_email" time="0.059" /><testcase classname="tests.test_password_reset.TestPasswordResetEndpoints" name="test_forgot_password_nonexistent_email" time="0.042" /><testcase classname="tests.test_password_reset.TestPasswordResetEndpoints" name="test_forgot_password_invalid_email_format" time="0.082" /><testcase classname="tests.test_password_reset.TestPasswordResetEndpoints" name="test_verify_reset_token_invalid" time="0.038" /><testcase classname="tests.test_password_reset.TestPasswordResetEndpoints" name="test_verify_reset_token_empty" time="0.033" /><testcase classname="tests.test_password_reset.TestPasswordResetEndpoints" name="test_reset_password_invalid_token" time="0.033" /><testcase classname="tests.test_password_reset.TestPasswordResetEndpoints" name="test_reset_password_short_password" time="0.037" /><testcase classname="tests.test_password_reset.TestPasswordResetEndpoints" name="test_reset_password_missing_token" time="0.040" /><testcase classname="tests.test_password_reset.TestPasswordResetEndpoints" name="test_reset_password_missing_password" time="0.077" /><testcase classname="tests.test_password_reset.TestSEOMetaTags" name="test_seo_meta_endpoint" time="0.036" /><testcase classname="tests.test_password_reset.TestSEOMetaTags" name="test_seo_meta_description" time="0.037" /><testcase classname="tests.test_password_reset.TestSEOMetaTags" name="test_seo_meta_og_tags" time="0.037" /><testcase classname="tests.test_password_reset.TestAuthEndpoints" name="test_login_valid_credentials" time="0.038" /><testcase classname="tests.test_password_reset.TestAuthEndpoints" name="test_login_invalid_credentials" time="0.040" /><testcase classname="tests.test_password_reset.TestAuthEndpoints" name="test_verify_session_invalid_token" time="0.036" /></testsuite></testsuites>