<?xml version="1.0" encoding="utf-8"?><testsuites name="pytest tests"><testsuite name="pytest" errors="0" failures="0" skipped="0" tests="12" time="0.715" timestamp="2026-01-21T13:25:42.218118+00:00" hostname="agent-env-bc44006c-c83c-40f4-a324-32e227a86234"><testcase classname="tests.test_guided_route.TestGuidedRouteAPI" name="test_guided_route_balanced_mode" time="0.080" /><testcase classname="tests.test_guided_route.TestGuidedRouteAPI" name="test_guided_route_probability_mode" time="0.038" /><testcase classname="tests.test_guided_route.TestGuidedRouteAPI" name="test_guided_route_distance_mode" time="0.045" /><testcase classname="tests.test_guided_route.TestGuidedRouteAPI" name="test_waypoint_order_structure" time="0.042" /><testcase classname="tests.test_guided_route.TestGuidedRouteAPI" name="test_segments_structure" time="0.048" /><testcase classname="tests.test_guided_route.TestGuidedRouteAPI" name="test_highest_probability_zone" time="0.038" /><testcase classname="tests.test_guided_route.TestGuidedRouteAPI" name="test_probability_levels_and_colors" time="0.038" /><testcase classname="tests.test_guided_route.TestGuidedRouteAPI" name="test_error_less_than_2_waypoints" time="0.076" /><testcase classname="tests.test_guided_route.TestGuidedRouteAPI" name="test_all_species_supported" time="0.117" /><testcase classname="tests.test_guided_route.TestGuidedRouteAPI" name="test_route_summary_content" time="0.036" /><testcase classname="tests.test_guided_route.TestGuidedRouteAPI" name="test_start_from_current_position" time="0.036" /><testcase classname="tests.test_guided_route.TestWaypointsForGuidedRoute" name="test_waypoints_exist" time="0.037" /></testsuite></testsuites>