<?xml version="1.0" encoding="utf-8"?><testsuites name="pytest tests"><testsuite name="pytest" errors="0" failures="0" skipped="0" tests="30" time="1.232" timestamp="2026-01-25T12:40:38.220853+00:00" hostname="agent-env-33daf91c-5a92-4fc3-91bc-261d14baa90a"><testcase classname="backend.tests.test_user_waypoints_api.TestWaypointsAPI" name="test_01_get_waypoints_empty_user" time="0.064" /><testcase classname="backend.tests.test_user_waypoints_api.TestWaypointsAPI" name="test_02_create_waypoint" time="0.035" /><testcase classname="backend.tests.test_user_waypoints_api.TestWaypointsAPI" name="test_03_get_waypoints_after_create" time="0.035" /><testcase classname="backend.tests.test_user_waypoints_api.TestWaypointsAPI" name="test_04_update_waypoint" time="0.035" /><testcase classname="backend.tests.test_user_waypoints_api.TestWaypointsAPI" name="test_05_verify_update_persisted" time="0.039" /><testcase classname="backend.tests.test_user_waypoints_api.TestWaypointsAPI" name="test_06_toggle_waypoint_active" time="0.034" /><testcase classname="backend.tests.test_user_waypoints_api.TestWaypointsAPI" name="test_07_get_active_only_waypoints" time="0.039" /><testcase classname="backend.tests.test_user_waypoints_api.TestWaypointsAPI" name="test_08_delete_waypoint" time="0.044" /><testcase classname="backend.tests.test_user_waypoints_api.TestWaypointsAPI" name="test_09_verify_delete" time="0.036" /><testcase classname="backend.tests.test_user_waypoints_api.TestWaypointsAPI" name="test_10_delete_nonexistent_waypoint" time="0.033" /><testcase classname="backend.tests.test_user_waypoints_api.TestPlacesAPI" name="test_01_get_places_empty_user" time="0.033" /><testcase classname="backend.tests.test_user_waypoints_api.TestPlacesAPI" name="test_02_create_place" time="0.042" /><testcase classname="backend.tests.test_user_waypoints_api.TestPlacesAPI" name="test_03_get_places_after_create" time="0.033" /><testcase classname="backend.tests.test_user_waypoints_api.TestPlacesAPI" name="test_04_update_place" time="0.041" /><testcase classname="backend.tests.test_user_waypoints_api.TestPlacesAPI" name="test_05_verify_update_persisted" time="0.042" /><testcase classname="backend.tests.test_user_waypoints_api.TestPlacesAPI" name="test_06_filter_places_by_type" time="0.034" /><testcase classname="backend.tests.test_user_waypoints_api.TestPlacesAPI" name="test_07_delete_place" time="0.037" /><testcase classname="backend.tests.test_user_waypoints_api.TestPlacesAPI" name="test_08_verify_delete" time="0.033" /><testcase classname="backend.tests.test_user_waypoints_api.TestSyncAPI" name="test_01_sync_data" time="0.036" /><testcase classname="backend.tests.test_user_waypoints_api.TestSyncAPI" name="test_02_verify_sync_persisted" time="0.075" /><testcase classname="backend.tests.test_user_waypoints_api.TestSyncAPI" name="test_03_get_stats" time="0.040" /><testcase classname="backend.tests.test_user_waypoints_api.TestSyncAPI" name="test_04_sync_duplicate_prevention" time="0.042" /><testcase classname="backend.tests.test_user_waypoints_api.TestBulkOperations" name="test_01_bulk_delete_waypoints" time="0.037" /><testcase classname="backend.tests.test_user_waypoints_api.TestBulkOperations" name="test_02_verify_bulk_delete_waypoints" time="0.036" /><testcase classname="backend.tests.test_user_waypoints_api.TestBulkOperations" name="test_03_bulk_delete_places" time="0.034" /><testcase classname="backend.tests.test_user_waypoints_api.TestBulkOperations" name="test_04_verify_bulk_delete_places" time="0.033" /><testcase classname="backend.tests.test_user_waypoints_api.TestValidation" name="test_01_create_waypoint_missing_name" time="0.031" /><testcase classname="backend.tests.test_user_waypoints_api.TestValidation" name="test_02_create_waypoint_invalid_lat" time="0.042" /><testcase classname="backend.tests.test_user_waypoints_api.TestValidation" name="test_03_create_waypoint_invalid_lng" time="0.042" /><testcase classname="backend.tests.test_user_waypoints_api.TestValidation" name="test_04_create_place_missing_name" time="0.038" /></testsuite></testsuites>