<?xml version="1.0" encoding="utf-8"?><testsuites name="pytest tests"><testsuite name="pytest" errors="0" failures="0" skipped="0" tests="24" time="3.450" timestamp="2026-01-23T19:28:56.412067+00:00" hostname="agent-env-e0cec1e3-6613-4f61-a3c7-b451a65fe0fa"><testcase classname="backend.tests.test_geospatial_apis.TestGeospatialWeatherAPI" name="test_weather_endpoint_returns_200" time="0.684" /><testcase classname="backend.tests.test_geospatial_apis.TestGeospatialWeatherAPI" name="test_weather_response_structure" time="0.160" /><testcase classname="backend.tests.test_geospatial_apis.TestGeospatialWeatherAPI" name="test_weather_temperature_is_realistic" time="0.163" /><testcase classname="backend.tests.test_geospatial_apis.TestGeospatialWeatherAPI" name="test_weather_forecasts_included" time="0.159" /><testcase classname="backend.tests.test_geospatial_apis.TestGeospatialWeatherAPI" name="test_weather_invalid_coordinates" time="0.039" /><testcase classname="backend.tests.test_geospatial_apis.TestGeospatialTerrainAPI" name="test_terrain_endpoint_returns_200" time="0.596" /><testcase classname="backend.tests.test_geospatial_apis.TestGeospatialTerrainAPI" name="test_terrain_response_structure" time="0.146" /><testcase classname="backend.tests.test_geospatial_apis.TestGeospatialTerrainAPI" name="test_terrain_elevation_is_realistic" time="0.165" /><testcase classname="backend.tests.test_geospatial_apis.TestGeospatialTerrainAPI" name="test_terrain_slope_is_valid" time="0.252" /><testcase classname="backend.tests.test_geospatial_apis.TestGeospatialVegetationAPI" name="test_vegetation_endpoint_returns_200" time="0.044" /><testcase classname="backend.tests.test_geospatial_apis.TestGeospatialVegetationAPI" name="test_vegetation_response_structure" time="0.039" /><testcase classname="backend.tests.test_geospatial_apis.TestGeospatialVegetationAPI" name="test_vegetation_ndvi_is_valid" time="0.036" /><testcase classname="backend.tests.test_geospatial_apis.TestGeospatialVegetationAPI" name="test_vegetation_ndwi_is_valid" time="0.036" /><testcase classname="backend.tests.test_geospatial_apis.TestGeospatialVegetationAPI" name="test_vegetation_source_indicates_seasonal_estimate" time="0.040" /><testcase classname="backend.tests.test_geospatial_apis.TestGeospatialCompleteAPI" name="test_complete_endpoint_returns_200" time="0.327" /><testcase classname="backend.tests.test_geospatial_apis.TestGeospatialCompleteAPI" name="test_complete_response_contains_all_data" time="0.039" /><testcase classname="backend.tests.test_geospatial_apis.TestGeospatialCompleteAPI" name="test_complete_data_quality_field" time="0.081" /><testcase classname="backend.tests.test_geospatial_apis.TestBionicAnalyzeWithRealData" name="test_analyze_returns_real_conditions" time="0.047" /><testcase classname="backend.tests.test_geospatial_apis.TestBionicAnalyzeWithRealData" name="test_analyze_returns_data_sources" time="0.050" /><testcase classname="backend.tests.test_geospatial_apis.TestBionicAnalyzeWithRealData" name="test_analyze_terrain_data_in_real_conditions" time="0.046" /><testcase classname="backend.tests.test_geospatial_apis.TestBionicAnalyzeWithRealData" name="test_analyze_vegetation_data_in_real_conditions" time="0.048" /><testcase classname="backend.tests.test_geospatial_apis.TestBionicAnalyzeWithRealData" name="test_analyze_module_scores_reflect_real_data" time="0.041" /><testcase classname="backend.tests.test_geospatial_apis.TestGeospatialCaching" name="test_repeated_calls_use_cache" time="0.085" /><testcase classname="backend.tests.test_geospatial_apis.TestHelperFunctions" name="test_module_factors_from_real_data" time="0.038" /></testsuite></testsuites>