<?xml version="1.0" encoding="utf-8"?><testsuites name="pytest tests"><testsuite name="pytest" errors="0" failures="0" skipped="0" tests="21" time="1.102" timestamp="2026-01-23T18:39:59.633296+00:00" hostname="agent-env-e0cec1e3-6613-4f61-a3c7-b451a65fe0fa"><testcase classname="backend.tests.test_bionic_engine.TestBionicModules" name="test_list_modules_returns_8_modules" time="0.076" /><testcase classname="backend.tests.test_bionic_engine.TestBionicModules" name="test_module_has_required_fields" time="0.041" /><testcase classname="backend.tests.test_bionic_engine.TestBionicModules" name="test_get_single_module_thermal" time="0.050" /><testcase classname="backend.tests.test_bionic_engine.TestBionicModules" name="test_get_invalid_module_returns_404" time="0.038" /><testcase classname="backend.tests.test_bionic_engine.TestBionicSpecies" name="test_list_species_returns_6_species" time="0.039" /><testcase classname="backend.tests.test_bionic_engine.TestBionicSpecies" name="test_species_has_required_fields" time="0.044" /><testcase classname="backend.tests.test_bionic_engine.TestBionicSpecies" name="test_get_single_species_moose" time="0.040" /><testcase classname="backend.tests.test_bionic_engine.TestBionicSpecies" name="test_get_invalid_species_returns_404" time="0.038" /><testcase classname="backend.tests.test_bionic_engine.TestBionicAnalysis" name="test_full_analysis_returns_complete_data" time="0.048" /><testcase classname="backend.tests.test_bionic_engine.TestBionicAnalysis" name="test_analysis_includes_ai_predictions" time="0.039" /><testcase classname="backend.tests.test_bionic_engine.TestBionicAnalysis" name="test_analysis_includes_temporal_data" time="0.041" /><testcase classname="backend.tests.test_bionic_engine.TestBionicAnalysis" name="test_analysis_with_custom_species" time="0.049" /><testcase classname="backend.tests.test_bionic_engine.TestBionicAnalysis" name="test_analysis_module_scores_have_required_fields" time="0.046" /><testcase classname="backend.tests.test_bionic_engine.TestBionicAnalysis" name="test_analysis_species_scores_have_required_fields" time="0.046" /><testcase classname="backend.tests.test_bionic_engine.TestBionicAIPredictions" name="test_ai_predict_endpoint" time="0.043" /><testcase classname="backend.tests.test_bionic_engine.TestBionicAIPredictions" name="test_dynamic_score_endpoint" time="0.082" /><testcase classname="backend.tests.test_bionic_engine.TestBionicAIPredictions" name="test_time_series_endpoint" time="0.038" /><testcase classname="backend.tests.test_bionic_engine.TestBionicModuleRun" name="test_run_thermal_module" time="0.063" /><testcase classname="backend.tests.test_bionic_engine.TestBionicModuleRun" name="test_run_food_module" time="0.038" /><testcase classname="backend.tests.test_bionic_engine.TestBionicSpeciesScore" name="test_calculate_moose_score" time="0.059" /><testcase classname="backend.tests.test_bionic_engine.TestBionicStats" name="test_get_analysis_stats" time="0.040" /></testsuite></testsuites>