<?xml version="1.0" encoding="utf-8"?><testsuites name="pytest tests"><testsuite name="pytest" errors="0" failures="0" skipped="0" tests="16" time="2.143" timestamp="2026-01-23T00:28:30.346502+00:00" hostname="agent-env-8ac555fe-3a5a-4172-9cfc-9f9579ac5e16"><testcase classname="backend.tests.test_sync_and_brand.TestSyncStatus" name="test_sync_status_returns_data" time="0.075" /><testcase classname="backend.tests.test_sync_and_brand.TestSyncStatus" name="test_sync_percentage_calculation" time="0.039" /><testcase classname="backend.tests.test_sync_and_brand.TestSyncToPartnership" name="test_sync_all_to_partnership" time="0.103" /><testcase classname="backend.tests.test_sync_and_brand.TestSyncFromPartnership" name="test_sync_all_from_partnership" time="0.089" /><testcase classname="backend.tests.test_sync_and_brand.TestBrandConfig" name="test_get_brand_config" time="0.034" /><testcase classname="backend.tests.test_sync_and_brand.TestBrandConfig" name="test_get_document_templates" time="0.034" /><testcase classname="backend.tests.test_sync_and_brand.TestBrandConfig" name="test_get_logos" time="0.035" /><testcase classname="backend.tests.test_sync_and_brand.TestPDFGeneration" name="test_generate_pdf_letter_fr" time="0.383" /><testcase classname="backend.tests.test_sync_and_brand.TestPDFGeneration" name="test_generate_pdf_letter_en" time="0.360" /><testcase classname="backend.tests.test_sync_and_brand.TestPDFGeneration" name="test_generate_pdf_contract" time="0.356" /><testcase classname="backend.tests.test_sync_and_brand.TestPDFGeneration" name="test_generate_pdf_invalid_template" time="0.034" /><testcase classname="backend.tests.test_sync_and_brand.TestPDFGeneration" name="test_generate_pdf_invalid_language" time="0.041" /><testcase classname="backend.tests.test_sync_and_brand.TestPDFGeneration" name="test_generate_pdf_get_method" time="0.357" /><testcase classname="backend.tests.test_sync_and_brand.TestLogoUpload" name="test_get_logo_history" time="0.043" /><testcase classname="backend.tests.test_sync_and_brand.TestTerritoriesBasic" name="test_list_territories" time="0.036" /><testcase classname="backend.tests.test_sync_and_brand.TestTerritoriesBasic" name="test_get_territory_stats" time="0.041" /></testsuite></testsuites>