<?xml version="1.0" encoding="utf-8"?><testsuites name="pytest tests"><testsuite name="pytest" errors="0" failures="0" skipped="0" tests="13" time="7.712" timestamp="2026-01-30T00:10:20.796962+00:00" hostname="agent-env-626b3b9b-6afc-4c0b-8f19-2b3d609f2893"><testcase classname="backend.tests.test_bionic_territory_analysis.TestBionicTerritoryHealth" name="test_health_endpoint" time="0.079" /><testcase classname="backend.tests.test_bionic_territory_analysis.TestAdvancedZoneAnalysis" name="test_analyze_zone_2km" time="0.839" /><testcase classname="backend.tests.test_bionic_territory_analysis.TestAdvancedZoneAnalysis" name="test_analyze_zone_4km" time="0.777" /><testcase classname="backend.tests.test_bionic_territory_analysis.TestAdvancedZoneAnalysis" name="test_analyze_zone_10km" time="0.773" /><testcase classname="backend.tests.test_bionic_territory_analysis.TestAdvancedZoneAnalysis" name="test_behavior_zones_structure" time="0.289" /><testcase classname="backend.tests.test_bionic_territory_analysis.TestAdvancedZoneAnalysis" name="test_wms_analysis_scores" time="0.756" /><testcase classname="backend.tests.test_bionic_territory_analysis.TestAdvancedZoneAnalysis" name="test_different_species" time="2.916" /><testcase classname="backend.tests.test_bionic_territory_analysis.TestAdvancedZoneAnalysis" name="test_hotspot_optimal_details" time="0.753" /><testcase classname="backend.tests.test_bionic_territory_analysis.TestAdvancedZoneAnalysis" name="test_hunting_recommendations" time="0.285" /><testcase classname="backend.tests.test_bionic_territory_analysis.TestBasicAnalysis" name="test_basic_analyze" time="0.037" /><testcase classname="backend.tests.test_bionic_territory_analysis.TestMapConfig" name="test_get_config" time="0.037" /><testcase classname="backend.tests.test_bionic_territory_analysis.TestMapConfig" name="test_pipeline_status" time="0.053" /><testcase classname="backend.tests.test_bionic_territory_analysis.TestWMSProxy" name="test_list_wms_sources" time="0.038" /></testsuite></testsuites>