<?xml version="1.0" encoding="utf-8"?><testsuites name="pytest tests"><testsuite name="pytest" errors="0" failures="0" skipped="0" tests="12" time="0.620" timestamp="2026-01-30T02:08:25.372967+00:00" hostname="agent-env-81e774c1-a671-4222-8eca-bbf35efde741"><testcase classname="backend.tests.test_urban_config_api.TestHealthAndBasicAPIs" name="test_health_endpoint" time="0.059" /><testcase classname="backend.tests.test_urban_config_api.TestHealthAndBasicAPIs" name="test_zones_favorites_endpoint" time="0.043" /><testcase classname="backend.tests.test_urban_config_api.TestHealthAndBasicAPIs" name="test_groups_endpoint" time="0.045" /><testcase classname="backend.tests.test_urban_config_api.TestTerritoryAnalysisAPIs" name="test_territory_analysis_endpoint_exists" time="0.077" /><testcase classname="backend.tests.test_urban_config_api.TestTerritoryAnalysisAPIs" name="test_hydrography_endpoint" time="0.040" /><testcase classname="backend.tests.test_urban_config_api.TestBackupCloudAPIs" name="test_backup_stats" time="0.041" /><testcase classname="backend.tests.test_urban_config_api.TestBackupCloudAPIs" name="test_backup_logs" time="0.053" /><testcase classname="backend.tests.test_urban_config_api.TestSharingAndNotifications" name="test_sharing_notifications" time="0.043" /><testcase classname="backend.tests.test_urban_config_api.TestSharingAndNotifications" name="test_zones_alerts" time="0.040" /><testcase classname="backend.tests.test_urban_config_api.TestWaypointsAPI" name="test_get_waypoints" time="0.040" /><testcase classname="backend.tests.test_urban_config_api.TestWaypointsAPI" name="test_create_waypoint" time="0.037" /><testcase classname="backend.tests.test_urban_config_api.TestBionicEngineAPIs" name="test_bionic_generate_endpoint" time="0.038" /></testsuite></testsuites>