<?xml version="1.0" encoding="utf-8"?><testsuites name="pytest tests"><testsuite name="pytest" errors="0" failures="0" skipped="0" tests="24" time="1.350" timestamp="2026-01-22T12:49:05.113954+00:00" hostname="agent-env-932592bf-1fcc-47fb-b076-ab640b666fe7"><testcase classname="tests.test_feature_controls.TestFeatureControlsStatus" name="test_get_all_features_status" time="0.064" /><testcase classname="tests.test_feature_controls.TestFeatureControlsStatus" name="test_get_single_feature_status" time="0.040" /><testcase classname="tests.test_feature_controls.TestFeatureControlsStatus" name="test_get_nonexistent_feature_status" time="0.036" /><testcase classname="tests.test_feature_controls.TestFeatureControlsDefinitions" name="test_get_definitions" time="0.038" /><testcase classname="tests.test_feature_controls.TestFeatureControlsDefinitions" name="test_definitions_have_required_fields" time="0.040" /><testcase classname="tests.test_feature_controls.TestFeatureControlsToggle" name="test_toggle_feature_on" time="0.052" /><testcase classname="tests.test_feature_controls.TestFeatureControlsToggle" name="test_toggle_feature_off" time="0.036" /><testcase classname="tests.test_feature_controls.TestFeatureControlsToggle" name="test_toggle_with_reason" time="0.041" /><testcase classname="tests.test_feature_controls.TestFeatureControlsToggle" name="test_toggle_nonexistent_feature" time="0.034" /><testcase classname="tests.test_feature_controls.TestFeatureControlsToggle" name="test_toggle_without_admin_email" time="0.036" /><testcase classname="tests.test_feature_controls.TestFeatureControlsBulkToggle" name="test_bulk_toggle_multiple_features" time="0.042" /><testcase classname="tests.test_feature_controls.TestFeatureControlsBulkToggle" name="test_bulk_toggle_with_invalid_feature" time="0.076" /><testcase classname="tests.test_feature_controls.TestFeatureControlsCategoryToggle" name="test_toggle_category_off" time="0.045" /><testcase classname="tests.test_feature_controls.TestFeatureControlsCategoryToggle" name="test_toggle_category_on" time="0.040" /><testcase classname="tests.test_feature_controls.TestFeatureControlsCategoryToggle" name="test_toggle_invalid_category" time="0.036" /><testcase classname="tests.test_feature_controls.TestFeatureControlsLogs" name="test_get_logs" time="0.039" /><testcase classname="tests.test_feature_controls.TestFeatureControlsLogs" name="test_get_logs_with_limit" time="0.033" /><testcase classname="tests.test_feature_controls.TestFeatureControlsLogs" name="test_get_logs_filtered_by_feature" time="0.036" /><testcase classname="tests.test_feature_controls.TestFeatureControlsLogs" name="test_get_logs_filtered_by_admin" time="0.035" /><testcase classname="tests.test_feature_controls.TestFeatureControlsLogs" name="test_log_entry_has_required_fields" time="0.034" /><testcase classname="tests.test_feature_controls.TestFeatureControlsLogsStats" name="test_get_logs_stats" time="0.039" /><testcase classname="tests.test_feature_controls.TestFeatureControlsResetDefaults" name="test_reset_to_defaults" time="0.126" /><testcase classname="tests.test_feature_controls.TestFeatureControlsIntegration" name="test_full_toggle_workflow" time="0.191" /><testcase classname="tests.test_feature_controls.TestFeatureControlsIntegration" name="test_category_counts_match" time="0.077" /></testsuite></testsuites>