<?xml version="1.0" encoding="utf-8"?><testsuites name="pytest tests"><testsuite name="pytest" errors="0" failures="0" skipped="0" tests="8" time="1.147" timestamp="2026-01-21T13:10:01.372881+00:00" hostname="agent-env-bc44006c-c83c-40f4-a324-32e227a86234"><testcase classname="tests.test_waypoint_zoom_features.TestWaypointAPI" name="test_create_waypoint" time="0.132" /><testcase classname="tests.test_waypoint_zoom_features.TestWaypointAPI" name="test_list_waypoints" time="0.117" /><testcase classname="tests.test_waypoint_zoom_features.TestWaypointAPI" name="test_create_and_verify_waypoint_persistence" time="0.130" /><testcase classname="tests.test_waypoint_zoom_features.TestWaypointAPI" name="test_create_waypoint_all_types" time="0.307" /><testcase classname="tests.test_waypoint_zoom_features.TestWaypointAPI" name="test_delete_waypoint" time="0.161" /><testcase classname="tests.test_waypoint_zoom_features.TestWaypointAPI" name="test_waypoint_gps_coordinates_precision" time="0.084" /><testcase classname="tests.test_waypoint_zoom_features.TestAutoLoginAPI" name="test_auto_login_returns_user" time="0.053" /><testcase classname="tests.test_waypoint_zoom_features.TestWMSLayerSources" name="test_wms_sources_available" time="0.049" /></testsuite></testsuites>