<?xml version="1.0" encoding="utf-8"?><testsuites name="pytest tests"><testsuite name="pytest" errors="0" failures="0" skipped="0" tests="15" time="28.992" timestamp="2026-01-26T16:12:12.995385+00:00" hostname="agent-env-d1e2d2b9-2428-44c4-8387-5ef12cbe71d9"><testcase classname="backend.tests.test_hydrography_api.TestHydroSources" name="test_get_sources_success" time="0.060" /><testcase classname="backend.tests.test_hydrography_api.TestHydroSources" name="test_detect_sources_quebec" time="0.040" /><testcase classname="backend.tests.test_hydrography_api.TestHydroSources" name="test_detect_sources_usa" time="0.043" /><testcase classname="backend.tests.test_hydrography_api.TestHydroSources" name="test_detect_sources_global" time="0.038" /><testcase classname="backend.tests.test_hydrography_api.TestWaterFeatures" name="test_get_water_features_success" time="2.694" /><testcase classname="backend.tests.test_hydrography_api.TestWaterFeatures" name="test_get_water_features_default_radius" time="3.531" /><testcase classname="backend.tests.test_hydrography_api.TestWaterFeatures" name="test_get_water_features_small_radius" time="2.395" /><testcase classname="backend.tests.test_hydrography_api.TestCheckPoint" name="test_check_point_on_land" time="4.639" /><testcase classname="backend.tests.test_hydrography_api.TestCheckPoint" name="test_check_point_with_bounds" time="0.108" /><testcase classname="backend.tests.test_hydrography_api.TestCheckPoint" name="test_check_point_default_tolerance" time="10.064" /><testcase classname="backend.tests.test_hydrography_api.TestFilterZones" name="test_filter_zones_success" time="5.051" /><testcase classname="backend.tests.test_hydrography_api.TestFilterZones" name="test_filter_zones_empty_list" time="0.060" /><testcase classname="backend.tests.test_hydrography_api.TestFilterZones" name="test_filter_zones_default_tolerance" time="0.087" /><testcase classname="backend.tests.test_hydrography_api.TestFilterZones" name="test_filter_zones_preserves_zone_data" time="0.090" /><testcase classname="backend.tests.test_hydrography_api.TestWaterTypes" name="test_get_water_types" time="0.036" /></testsuite></testsuites>