<?xml version="1.0" encoding="utf-8"?><testsuites name="pytest tests"><testsuite name="pytest" errors="0" failures="0" skipped="0" tests="8" time="33.897" timestamp="2026-01-26T16:47:16.548345+00:00" hostname="agent-env-d1e2d2b9-2428-44c4-8387-5ef12cbe71d9"><testcase classname="backend.tests.test_permanent_water_exclusion.TestPermanentWaterExclusion" name="test_point_in_water_detected" time="14.899" /><testcase classname="backend.tests.test_permanent_water_exclusion.TestPermanentWaterExclusion" name="test_point_on_land_not_excluded" time="7.206" /><testcase classname="backend.tests.test_permanent_water_exclusion.TestPermanentWaterExclusion" name="test_filter_zones_excludes_water_zones" time="10.348" /><testcase classname="backend.tests.test_permanent_water_exclusion.TestPermanentWaterExclusion" name="test_filter_zones_all_layer_types" time="0.823" /><testcase classname="backend.tests.test_permanent_water_exclusion.TestPermanentWaterExclusion" name="test_tolerance_5m_default" time="0.036" /><testcase classname="backend.tests.test_permanent_water_exclusion.TestPermanentWaterExclusion" name="test_multiple_zones_batch_filtering" time="0.305" /><testcase classname="backend.tests.test_permanent_water_exclusion.TestPermanentWaterExclusion" name="test_hydrographic_sources_available" time="0.040" /><testcase classname="backend.tests.test_permanent_water_exclusion.TestWaypointWaterBlocking" name="test_check_point_api_for_waypoint_validation" time="0.181" /></testsuite></testsuites>