<?xml version="1.0" encoding="utf-8"?><testsuites name="pytest tests"><testsuite name="pytest" errors="0" failures="0" skipped="0" tests="25" time="1.655" timestamp="2026-01-25T13:36:19.136361+00:00" hostname="agent-env-33daf91c-5a92-4fc3-91bc-261d14baa90a"><testcase classname="tests.test_live_tracking_chat.TestAlertTypes" name="test_get_alert_types" time="0.059" /><testcase classname="tests.test_live_tracking_chat.TestTrackingSessionManagement" name="test_start_tracking_session" time="0.046" /><testcase classname="tests.test_live_tracking_chat.TestTrackingSessionManagement" name="test_get_session_status_active" time="0.040" /><testcase classname="tests.test_live_tracking_chat.TestTrackingSessionManagement" name="test_stop_tracking_session" time="0.039" /><testcase classname="tests.test_live_tracking_chat.TestTrackingSessionManagement" name="test_get_session_status_inactive" time="0.034" /><testcase classname="tests.test_live_tracking_chat.TestPositionUpdates" name="test_update_position" time="0.080" /><testcase classname="tests.test_live_tracking_chat.TestPositionUpdates" name="test_update_position_multiple" time="0.462" /><testcase classname="tests.test_live_tracking_chat.TestPositionUpdates" name="test_get_position_history" time="0.073" /><testcase classname="tests.test_live_tracking_chat.TestGroupPositions" name="test_get_group_positions" time="0.037" /><testcase classname="tests.test_live_tracking_chat.TestTrackingSettings" name="test_update_tracking_settings" time="0.036" /><testcase classname="tests.test_live_tracking_chat.TestChatMessages" name="test_send_message" time="0.040" /><testcase classname="tests.test_live_tracking_chat.TestChatMessages" name="test_send_message_with_location" time="0.040" /><testcase classname="tests.test_live_tracking_chat.TestChatMessages" name="test_get_messages" time="0.036" /><testcase classname="tests.test_live_tracking_chat.TestChatAlerts" name="test_send_alert_animal_spotted" time="0.040" /><testcase classname="tests.test_live_tracking_chat.TestChatAlerts" name="test_send_alert_need_help" time="0.053" /><testcase classname="tests.test_live_tracking_chat.TestChatAlerts" name="test_send_alert_shot_fired" time="0.040" /><testcase classname="tests.test_live_tracking_chat.TestChatAlerts" name="test_send_alert_invalid_type" time="0.034" /><testcase classname="tests.test_live_tracking_chat.TestChatReadStatus" name="test_mark_messages_read" time="0.078" /><testcase classname="tests.test_live_tracking_chat.TestChatReadStatus" name="test_get_unread_count" time="0.043" /><testcase classname="tests.test_live_tracking_chat.TestTrackingStats" name="test_get_group_tracking_stats" time="0.037" /><testcase classname="tests.test_live_tracking_chat.TestChatStats" name="test_get_chat_stats" time="0.035" /><testcase classname="tests.test_live_tracking_chat.TestEdgeCases" name="test_start_session_invalid_group" time="0.033" /><testcase classname="tests.test_live_tracking_chat.TestEdgeCases" name="test_position_update_invalid_coordinates" time="0.038" /><testcase classname="tests.test_live_tracking_chat.TestEdgeCases" name="test_send_message_empty_content" time="0.037" /><testcase classname="tests.test_live_tracking_chat.TestCleanup" name="test_cleanup_stop_session" time="0.036" /></testsuite></testsuites>