<?xml version="1.0" encoding="utf-8"?><testsuites name="pytest tests"><testsuite name="pytest" errors="0" failures="0" skipped="0" tests="14" time="1.101" timestamp="2026-01-20T22:54:24.342973+00:00" hostname="agent-env-09f3397f-f4d3-4706-badd-ab2e0bfaa67a"><testcase classname="tests.test_new_features.TestEmailConsent" name="test_consent_endpoint_requires_valid_report_id" time="0.120" /><testcase classname="tests.test_new_features.TestEmailConsent" name="test_consent_endpoint_validation" time="0.041" /><testcase classname="tests.test_new_features.TestEmailConsent" name="test_admin_get_consents" time="0.037" /><testcase classname="tests.test_new_features.TestAutoCategorization" name="test_auto_categorize_urine_product" time="0.132" /><testcase classname="tests.test_new_features.TestAutoCategorization" name="test_auto_categorize_camera_product" time="0.076" /><testcase classname="tests.test_new_features.TestAutoCategorization" name="test_auto_categorize_weapon_product" time="0.083" /><testcase classname="tests.test_new_features.TestAutoCategorization" name="test_auto_categorize_unknown_product" time="0.088" /><testcase classname="tests.test_new_features.TestAutoCategorization" name="test_auto_categorize_minimal_request" time="0.079" /><testcase classname="tests.test_new_features.TestApplyCategory" name="test_apply_category_to_product" time="0.070" /><testcase classname="tests.test_new_features.TestApplyCategory" name="test_apply_category_without_subcategory" time="0.113" /><testcase classname="tests.test_new_features.TestApplyCategory" name="test_apply_invalid_category" time="0.073" /><testcase classname="tests.test_new_features.TestApplyCategory" name="test_apply_category_to_nonexistent_product" time="0.039" /><testcase classname="tests.test_new_features.TestAnalysisCategories" name="test_get_analysis_categories" time="0.045" /><testcase classname="tests.test_new_features.TestAdminStats" name="test_admin_analyze_stats" time="0.034" /></testsuite></testsuites>