<?xml version="1.0" encoding="utf-8"?><testsuites name="pytest tests"><testsuite name="pytest" errors="0" failures="0" skipped="0" tests="12" time="0.623" timestamp="2026-01-20T22:18:36.190538+00:00" hostname="agent-env-09f3397f-f4d3-4706-badd-ab2e0bfaa67a"><testcase classname="tests.test_analysis_categories.TestAnalysisCategoriesAPI" name="test_get_analysis_categories_returns_200" time="0.062" /><testcase classname="tests.test_analysis_categories.TestAnalysisCategoriesAPI" name="test_get_analysis_categories_returns_10_categories" time="0.039" /><testcase classname="tests.test_analysis_categories.TestAnalysisCategoriesAPI" name="test_categories_have_required_fields" time="0.040" /><testcase classname="tests.test_analysis_categories.TestAnalysisCategoriesAPI" name="test_subcategories_have_required_fields" time="0.039" /><testcase classname="tests.test_analysis_categories.TestAnalysisCategoriesAPI" name="test_specific_categories_exist" time="0.036" /><testcase classname="tests.test_analysis_categories.TestAnalysisCategoriesAPI" name="test_get_single_category_by_id" time="0.044" /><testcase classname="tests.test_analysis_categories.TestAnalysisCategoriesAPI" name="test_get_nonexistent_category_returns_404" time="0.038" /><testcase classname="tests.test_analysis_categories.TestAnalyzeCategoriesAPI" name="test_get_analyze_categories_returns_200" time="0.039" /><testcase classname="tests.test_analysis_categories.TestAnalyzeCategoriesAPI" name="test_analyze_categories_returns_categories_list" time="0.039" /><testcase classname="tests.test_analysis_categories.TestAdminCategoriesAPI" name="test_init_defaults_endpoint_exists" time="0.057" /><testcase classname="tests.test_analysis_categories.TestAdminCategoriesAPI" name="test_add_category_requires_data" time="0.048" /><testcase classname="tests.test_analysis_categories.TestAdminCategoriesAPI" name="test_add_subcategory_to_nonexistent_category" time="0.035" /></testsuite></testsuites>