<?xml version="1.0" encoding="utf-8"?><testsuites name="pytest tests"><testsuite name="pytest" errors="0" failures="0" skipped="0" tests="15" time="52.241" timestamp="2026-01-26T16:45:38.995150+00:00" hostname="agent-env-d1e2d2b9-2428-44c4-8387-5ef12cbe71d9"><testcase classname="backend.tests.test_hydrography_api.TestHydroSources" name="test_get_sources_success" time="0.077" /><testcase classname="backend.tests.test_hydrography_api.TestHydroSources" name="test_detect_sources_quebec" time="0.042" /><testcase classname="backend.tests.test_hydrography_api.TestHydroSources" name="test_detect_sources_usa" time="0.043" /><testcase classname="backend.tests.test_hydrography_api.TestHydroSources" name="test_detect_sources_global" time="0.043" /><testcase classname="backend.tests.test_hydrography_api.TestWaterFeatures" name="test_get_water_features_success" time="2.645" /><testcase classname="backend.tests.test_hydrography_api.TestWaterFeatures" name="test_get_water_features_default_radius" time="2.790" /><testcase classname="backend.tests.test_hydrography_api.TestWaterFeatures" name="test_get_water_features_small_radius" time="4.362" /><testcase classname="backend.tests.test_hydrography_api.TestCheckPoint" name="test_check_point_on_land" time="2.101" /><testcase classname="backend.tests.test_hydrography_api.TestCheckPoint" name="test_check_point_with_bounds" time="0.092" /><testcase classname="backend.tests.test_hydrography_api.TestCheckPoint" name="test_check_point_default_tolerance" time="24.186" /><testcase classname="backend.tests.test_hydrography_api.TestFilterZones" name="test_filter_zones_success" time="15.458" /><testcase classname="backend.tests.test_hydrography_api.TestFilterZones" name="test_filter_zones_empty_list" time="0.082" /><testcase classname="backend.tests.test_hydrography_api.TestFilterZones" name="test_filter_zones_default_tolerance" time="0.092" /><testcase classname="backend.tests.test_hydrography_api.TestFilterZones" name="test_filter_zones_preserves_zone_data" time="0.091" /><testcase classname="backend.tests.test_hydrography_api.TestWaterTypes" name="test_get_water_types" time="0.050" /></testsuite></testsuites>