<?xml version="1.0" encoding="utf-8"?><testsuites name="pytest tests"><testsuite name="pytest" errors="0" failures="0" skipped="0" tests="26" time="1.199" timestamp="2026-01-22T22:30:46.593669+00:00" hostname="agent-env-977f859d-997e-4e54-9b19-513c65c4fbd4"><testcase classname="backend.tests.test_territory_phase2.TestTerritoryGeoJSON" name="test_geojson_returns_feature_collection" time="0.066" /><testcase classname="backend.tests.test_territory_phase2.TestTerritoryGeoJSON" name="test_geojson_feature_structure" time="0.041" /><testcase classname="backend.tests.test_territory_phase2.TestTerritoryGeoJSON" name="test_geojson_filter_by_province" time="0.037" /><testcase classname="backend.tests.test_territory_phase2.TestTerritoryGeoJSON" name="test_geojson_filter_by_type" time="0.039" /><testcase classname="backend.tests.test_territory_phase2.TestTerritoryHeatmap" name="test_heatmap_score_metric" time="0.042" /><testcase classname="backend.tests.test_territory_phase2.TestTerritoryHeatmap" name="test_heatmap_point_structure" time="0.037" /><testcase classname="backend.tests.test_territory_phase2.TestTerritoryHeatmap" name="test_heatmap_success_metric" time="0.036" /><testcase classname="backend.tests.test_territory_phase2.TestTerritoryHeatmap" name="test_heatmap_pressure_metric" time="0.040" /><testcase classname="backend.tests.test_territory_phase2.TestTerritoryHeatmap" name="test_heatmap_density_metric" time="0.036" /><testcase classname="backend.tests.test_territory_phase2.TestTerritoryHeatmap" name="test_heatmap_invalid_metric" time="0.038" /><testcase classname="backend.tests.test_territory_phase2.TestScrapingSources" name="test_get_scraping_sources" time="0.039" /><testcase classname="backend.tests.test_territory_phase2.TestScrapingSources" name="test_source_structure" time="0.077" /><testcase classname="backend.tests.test_territory_phase2.TestScrapingSources" name="test_sources_include_required_sites" time="0.039" /><testcase classname="backend.tests.test_territory_phase2.TestScrapingRun" name="test_run_scraping_sepaq" time="0.032" /><testcase classname="backend.tests.test_territory_phase2.TestScrapingRun" name="test_run_scraping_zec" time="0.051" /><testcase classname="backend.tests.test_territory_phase2.TestScrapingStatus" name="test_get_scraping_status" time="0.037" /><testcase classname="backend.tests.test_territory_phase2.TestScrapingStatus" name="test_status_contains_territory_count" time="0.038" /><testcase classname="backend.tests.test_territory_phase2.TestPotentialPartners" name="test_get_potential_partners" time="0.034" /><testcase classname="backend.tests.test_territory_phase2.TestPotentialPartners" name="test_potential_partner_structure" time="0.043" /><testcase classname="backend.tests.test_territory_phase2.TestPotentialPartners" name="test_potential_partners_min_score_filter" time="0.035" /><testcase classname="backend.tests.test_territory_phase2.TestConvertToPartner" name="test_convert_to_partner_success" time="0.072" /><testcase classname="backend.tests.test_territory_phase2.TestConvertToPartner" name="test_convert_nonexistent_territory" time="0.040" /><testcase classname="backend.tests.test_territory_phase2.TestPartnerTerritories" name="test_get_partner_territories" time="0.041" /><testcase classname="backend.tests.test_territory_phase2.TestAIRecommendations" name="test_get_species_recommendations" time="0.037" /><testcase classname="backend.tests.test_territory_phase2.TestAIRecommendations" name="test_get_optimal_recommendations" time="0.044" /><testcase classname="backend.tests.test_territory_phase2.TestAIRecommendations" name="test_get_hunting_seasons" time="0.033" /></testsuite></testsuites>