<?xml version="1.0" encoding="utf-8"?><testsuites name="pytest tests"><testsuite name="pytest" errors="0" failures="0" skipped="0" tests="22" time="4.208" timestamp="2026-01-25T14:41:20.047955+00:00" hostname="agent-env-f419d0a6-acbd-4b5e-8a28-736af8eec57b"><testcase classname="backend.tests.test_zone_favorites.TestZoneFavoritesAPI" name="test_01_get_favorites_empty_user" time="0.071" /><testcase classname="backend.tests.test_zone_favorites.TestZoneFavoritesAPI" name="test_02_add_favorite_zone" time="0.577" /><testcase classname="backend.tests.test_zone_favorites.TestZoneFavoritesAPI" name="test_03_get_favorites_after_add" time="0.039" /><testcase classname="backend.tests.test_zone_favorites.TestZoneFavoritesAPI" name="test_04_add_duplicate_zone_fails" time="0.046" /><testcase classname="backend.tests.test_zone_favorites.TestZoneFavoritesAPI" name="test_05_get_zone_conditions" time="0.532" /><testcase classname="backend.tests.test_zone_favorites.TestZoneFavoritesAPI" name="test_06_update_alert_settings" time="0.086" /><testcase classname="backend.tests.test_zone_favorites.TestZoneFavoritesAPI" name="test_07_delete_favorite_zone" time="0.084" /><testcase classname="backend.tests.test_zone_favorites.TestZoneFavoritesAPI" name="test_08_delete_nonexistent_zone_fails" time="0.039" /><testcase classname="backend.tests.test_zone_favorites.TestZoneAlertsAPI" name="test_01_create_zone_for_alerts" time="0.536" /><testcase classname="backend.tests.test_zone_favorites.TestZoneAlertsAPI" name="test_02_get_alerts" time="1.042" /><testcase classname="backend.tests.test_zone_favorites.TestZoneAlertsAPI" name="test_03_get_unread_alerts_only" time="0.037" /><testcase classname="backend.tests.test_zone_favorites.TestZoneAlertsAPI" name="test_04_mark_alert_as_read" time="0.082" /><testcase classname="backend.tests.test_zone_favorites.TestZoneAlertsAPI" name="test_05_mark_all_alerts_read" time="0.085" /><testcase classname="backend.tests.test_zone_favorites.TestZoneAlertsAPI" name="test_06_check_optimal_conditions" time="0.547" /><testcase classname="backend.tests.test_zone_favorites.TestZoneAlertsAPI" name="test_07_mark_nonexistent_alert_fails" time="0.036" /><testcase classname="backend.tests.test_zone_favorites.TestZoneAlertsAPI" name="test_08_cleanup_test_zone" time="0.040" /><testcase classname="backend.tests.test_zone_favorites.TestZoneFavoritesValidation" name="test_01_add_zone_missing_name" time="0.038" /><testcase classname="backend.tests.test_zone_favorites.TestZoneFavoritesValidation" name="test_02_add_zone_missing_location" time="0.034" /><testcase classname="backend.tests.test_zone_favorites.TestZoneFavoritesValidation" name="test_03_add_zone_invalid_alert_days" time="0.039" /><testcase classname="backend.tests.test_zone_favorites.TestZoneFavoritesValidation" name="test_04_get_conditions_invalid_zone_id" time="0.039" /><testcase classname="backend.tests.test_zone_favorites.TestExistingTestUserData" name="test_01_verify_existing_favorites" time="0.049" /><testcase classname="backend.tests.test_zone_favorites.TestExistingTestUserData" name="test_02_verify_existing_alerts" time="0.034" /></testsuite></testsuites>