<?xml version="1.0" encoding="utf-8"?><testsuites name="pytest tests"><testsuite name="pytest" errors="0" failures="0" skipped="0" tests="7" time="1.113" timestamp="2026-01-21T22:07:10.990780+00:00" hostname="agent-env-991b04f8-1265-4286-9171-cb61f39936f8"><testcase classname="tests.test_waypoint_crud.TestWaypointCRUD" name="test_create_waypoint_success" time="0.114" /><testcase classname="tests.test_waypoint_crud.TestWaypointCRUD" name="test_create_waypoint_with_all_types" time="0.508" /><testcase classname="tests.test_waypoint_crud.TestWaypointCRUD" name="test_list_waypoints" time="0.115" /><testcase classname="tests.test_waypoint_crud.TestWaypointCRUD" name="test_delete_waypoint_success" time="0.108" /><testcase classname="tests.test_waypoint_crud.TestWaypointCRUD" name="test_delete_nonexistent_waypoint" time="0.034" /><testcase classname="tests.test_waypoint_crud.TestWaypointCRUD" name="test_create_and_verify_persistence" time="0.101" /><testcase classname="tests.test_waypoint_crud.TestGPSCoordinateCapture" name="test_waypoint_coordinates_precision" time="0.074" /></testsuite></testsuites>