<?xml version="1.0" encoding="utf-8"?><testsuites name="pytest tests"><testsuite name="pytest" errors="0" failures="0" skipped="0" tests="19" time="0.836" timestamp="2026-01-21T02:21:18.127611+00:00" hostname="agent-env-bc44006c-c83c-40f4-a324-32e227a86234"><testcase classname="tests.test_territory_features.TestProbabilityAPI" name="test_probability_orignal_basic" time="0.075" /><testcase classname="tests.test_territory_features.TestProbabilityAPI" name="test_probability_chevreuil_with_factors" time="0.035" /><testcase classname="tests.test_territory_features.TestProbabilityAPI" name="test_probability_ours" time="0.034" /><testcase classname="tests.test_territory_features.TestProbabilityAPI" name="test_probability_invalid_species" time="0.035" /><testcase classname="tests.test_territory_features.TestCoolingZonesAPI" name="test_cooling_zones_orignal" time="0.037" /><testcase classname="tests.test_territory_features.TestCoolingZonesAPI" name="test_cooling_zones_ours" time="0.037" /><testcase classname="tests.test_territory_features.TestCoolingZonesAPI" name="test_cooling_zones_chevreuil" time="0.032" /><testcase classname="tests.test_territory_features.TestCoolingZonesAPI" name="test_cooling_zones_invalid_species" time="0.035" /><testcase classname="tests.test_territory_features.TestNutritionAPI" name="test_nutrition_orignal_basic" time="0.038" /><testcase classname="tests.test_territory_features.TestNutritionAPI" name="test_nutrition_with_season" time="0.034" /><testcase classname="tests.test_territory_features.TestNutritionAPI" name="test_nutrition_ours_automne" time="0.034" /><testcase classname="tests.test_territory_features.TestNutritionAPI" name="test_nutrition_bionic_products_prioritized" time="0.035" /><testcase classname="tests.test_territory_features.TestOrdersAPI" name="test_create_order" time="0.036" /><testcase classname="tests.test_territory_features.TestOrdersAPI" name="test_list_orders" time="0.035" /><testcase classname="tests.test_territory_features.TestOrdersAPI" name="test_list_orders_by_status" time="0.033" /><testcase classname="tests.test_territory_features.TestOrdersAPI" name="test_create_order_and_verify_persistence" time="0.072" /><testcase classname="tests.test_territory_features.TestOrdersAPI" name="test_order_notifications" time="0.038" /><testcase classname="tests.test_territory_features.TestAutoLogin" name="test_auto_login" time="0.038" /><testcase classname="tests.test_territory_features.TestWMSSources" name="test_wms_sources" time="0.034" /></testsuite></testsuites>