<?xml version="1.0" encoding="utf-8"?><testsuites name="pytest tests"><testsuite name="pytest" errors="0" failures="0" skipped="0" tests="30" time="1.297" timestamp="2026-01-22T11:06:53.039761+00:00" hostname="agent-env-ed8fb4e7-4ae7-4f5e-9478-3e181012ba84"><testcase classname="tests.test_networking_ecosystem.TestNetworkingPosts" name="test_get_posts" time="0.105" /><testcase classname="tests.test_networking_ecosystem.TestNetworkingPosts" name="test_create_post" time="0.040" /><testcase classname="tests.test_networking_ecosystem.TestNetworkingPosts" name="test_get_single_post" time="0.041" /><testcase classname="tests.test_networking_ecosystem.TestNetworkingPosts" name="test_like_post" time="0.058" /><testcase classname="tests.test_networking_ecosystem.TestNetworkingPosts" name="test_get_posts_filtered_by_user" time="0.038" /><testcase classname="tests.test_networking_ecosystem.TestNetworkingLeads" name="test_get_leads_empty" time="0.036" /><testcase classname="tests.test_networking_ecosystem.TestNetworkingLeads" name="test_create_lead" time="0.037" /><testcase classname="tests.test_networking_ecosystem.TestNetworkingLeads" name="test_get_leads_with_stats" time="0.032" /><testcase classname="tests.test_networking_ecosystem.TestNetworkingLeads" name="test_update_lead_status" time="0.036" /><testcase classname="tests.test_networking_ecosystem.TestNetworkingLeads" name="test_add_lead_note" time="0.033" /><testcase classname="tests.test_networking_ecosystem.TestNetworkingContacts" name="test_get_contacts_empty" time="0.035" /><testcase classname="tests.test_networking_ecosystem.TestNetworkingContacts" name="test_create_contact" time="0.036" /><testcase classname="tests.test_networking_ecosystem.TestNetworkingContacts" name="test_get_contacts_after_creation" time="0.040" /><testcase classname="tests.test_networking_ecosystem.TestNetworkingContacts" name="test_update_contact" time="0.036" /><testcase classname="tests.test_networking_ecosystem.TestNetworkingGroups" name="test_get_groups_empty" time="0.043" /><testcase classname="tests.test_networking_ecosystem.TestNetworkingGroups" name="test_create_group" time="0.032" /><testcase classname="tests.test_networking_ecosystem.TestNetworkingGroups" name="test_get_group_details" time="0.039" /><testcase classname="tests.test_networking_ecosystem.TestNetworkingReferral" name="test_get_or_create_referral_code" time="0.042" /><testcase classname="tests.test_networking_ecosystem.TestNetworkingReferral" name="test_referral_stats_structure" time="0.037" /><testcase classname="tests.test_networking_ecosystem.TestNetworkingReferral" name="test_get_user_referrals" time="0.042" /><testcase classname="tests.test_networking_ecosystem.TestNetworkingWallet" name="test_get_or_create_wallet" time="0.039" /><testcase classname="tests.test_networking_ecosystem.TestNetworkingWallet" name="test_wallet_structure" time="0.033" /><testcase classname="tests.test_networking_ecosystem.TestNetworkingWallet" name="test_get_wallet_transactions" time="0.032" /><testcase classname="tests.test_networking_ecosystem.TestNetworkingAdminStats" name="test_get_admin_stats" time="0.038" /><testcase classname="tests.test_networking_ecosystem.TestNetworkingAdminStats" name="test_admin_stats_structure" time="0.036" /><testcase classname="tests.test_networking_ecosystem.TestNetworkingAdminStats" name="test_get_pending_referrals" time="0.037" /><testcase classname="tests.test_networking_ecosystem.TestCleanup" name="test_delete_test_post" time="0.036" /><testcase classname="tests.test_networking_ecosystem.TestCleanup" name="test_delete_test_lead" time="0.038" /><testcase classname="tests.test_networking_ecosystem.TestCleanup" name="test_delete_test_contact" time="0.036" /><testcase classname="tests.test_networking_ecosystem.TestCleanup" name="test_delete_test_group" time="0.035" /></testsuite></testsuites>