<?xml version="1.0" encoding="utf-8"?><testsuites name="pytest tests"><testsuite name="pytest" errors="0" failures="0" skipped="0" tests="29" time="1.547" timestamp="2026-01-25T13:14:10.457974+00:00" hostname="agent-env-33daf91c-5a92-4fc3-91bc-261d14baa90a"><testcase classname="backend.tests.test_sharing_groups_api.TestSharingByEmail" name="test_share_waypoint_by_email" time="0.060" /><testcase classname="backend.tests.test_sharing_groups_api.TestSharingByEmail" name="test_share_waypoint_multiple_emails" time="0.040" /><testcase classname="backend.tests.test_sharing_groups_api.TestSharingByEmail" name="test_share_waypoint_invalid_email" time="0.038" /><testcase classname="backend.tests.test_sharing_groups_api.TestSharingByEmail" name="test_share_waypoint_invalid_permission" time="0.036" /><testcase classname="backend.tests.test_sharing_groups_api.TestSharingByLink" name="test_create_share_link" time="0.038" /><testcase classname="backend.tests.test_sharing_groups_api.TestSharingByLink" name="test_get_share_link_info" time="0.071" /><testcase classname="backend.tests.test_sharing_groups_api.TestSharingByLink" name="test_get_share_link_not_found" time="0.034" /><testcase classname="backend.tests.test_sharing_groups_api.TestSharingByLink" name="test_create_share_link_custom_expiry" time="0.038" /><testcase classname="backend.tests.test_sharing_groups_api.TestUserShares" name="test_get_received_shares" time="0.037" /><testcase classname="backend.tests.test_sharing_groups_api.TestUserShares" name="test_get_sent_shares" time="0.034" /><testcase classname="backend.tests.test_sharing_groups_api.TestNotifications" name="test_get_user_notifications" time="0.035" /><testcase classname="backend.tests.test_sharing_groups_api.TestNotifications" name="test_get_notifications_unread_only" time="0.036" /><testcase classname="backend.tests.test_sharing_groups_api.TestNotifications" name="test_get_notifications_with_limit" time="0.036" /><testcase classname="backend.tests.test_sharing_groups_api.TestNotifications" name="test_mark_all_notifications_read" time="0.033" /><testcase classname="backend.tests.test_sharing_groups_api.TestAdminMarketing" name="test_get_marketing_emails" time="0.035" /><testcase classname="backend.tests.test_sharing_groups_api.TestAdminMarketing" name="test_get_marketing_emails_pagination" time="0.032" /><testcase classname="backend.tests.test_sharing_groups_api.TestAdminMarketing" name="test_get_marketing_stats" time="0.036" /><testcase classname="backend.tests.test_sharing_groups_api.TestHuntingGroups" name="test_create_group" time="0.039" /><testcase classname="backend.tests.test_sharing_groups_api.TestHuntingGroups" name="test_get_user_groups" time="0.033" /><testcase classname="backend.tests.test_sharing_groups_api.TestHuntingGroups" name="test_create_public_group" time="0.076" /><testcase classname="backend.tests.test_sharing_groups_api.TestHuntingGroups" name="test_discover_public_groups" time="0.034" /><testcase classname="backend.tests.test_sharing_groups_api.TestHuntingGroups" name="test_invite_members" time="0.124" /><testcase classname="backend.tests.test_sharing_groups_api.TestHuntingGroups" name="test_invite_members_not_owner" time="0.033" /><testcase classname="backend.tests.test_sharing_groups_api.TestHuntingGroups" name="test_join_public_group" time="0.074" /><testcase classname="backend.tests.test_sharing_groups_api.TestHuntingGroups" name="test_join_private_group_without_code" time="0.037" /><testcase classname="backend.tests.test_sharing_groups_api.TestHuntingGroups" name="test_share_waypoint_with_group" time="0.038" /><testcase classname="backend.tests.test_sharing_groups_api.TestHuntingGroups" name="test_create_group_validation" time="0.037" /><testcase classname="backend.tests.test_sharing_groups_api.TestIntegration" name="test_full_sharing_workflow" time="0.151" /><testcase classname="backend.tests.test_sharing_groups_api.TestIntegration" name="test_full_group_workflow" time="0.140" /></testsuite></testsuites>