<?xml version="1.0" encoding="utf-8"?><testsuites name="pytest tests"><testsuite name="pytest" errors="0" failures="0" skipped="0" tests="29" time="4.366" timestamp="2026-01-22T00:31:16.443431+00:00" hostname="agent-env-70a45535-da66-4599-b47e-1735b88f74e9"><testcase classname="tests.test_marketplace_payments.TestPaymentPackages" name="test_get_all_packages" time="0.095" /><testcase classname="tests.test_marketplace_payments.TestPaymentPackages" name="test_packages_have_required_fields" time="0.035" /><testcase classname="tests.test_marketplace_payments.TestPaymentPackages" name="test_filter_packages_by_type" time="0.064" /><testcase classname="tests.test_marketplace_payments.TestPaymentPackages" name="test_featured_packages_pricing" time="0.040" /><testcase classname="tests.test_marketplace_payments.TestPaymentPackages" name="test_pro_subscription_packages" time="0.036" /><testcase classname="tests.test_marketplace_payments.TestPaymentPackages" name="test_outfitter_packages" time="0.036" /><testcase classname="tests.test_marketplace_payments.TestMarketplaceAuth" name="test_register_seller" time="0.039" /><testcase classname="tests.test_marketplace_payments.TestMarketplaceAuth" name="test_register_duplicate_email" time="0.080" /><testcase classname="tests.test_marketplace_payments.TestMarketplaceAuth" name="test_login_seller" time="0.077" /><testcase classname="tests.test_marketplace_payments.TestMarketplaceAuth" name="test_login_invalid_credentials" time="0.037" /><testcase classname="tests.test_marketplace_payments.TestMarketplaceAuth" name="test_get_current_seller" time="0.074" /><testcase classname="tests.test_marketplace_payments.TestMarketplaceAuth" name="test_get_current_seller_invalid_token" time="0.034" /><testcase classname="tests.test_marketplace_payments.TestMarketplaceListings" name="test_get_listings" time="0.046" /><testcase classname="tests.test_marketplace_payments.TestMarketplaceListings" name="test_create_listing" time="0.122" /><testcase classname="tests.test_marketplace_payments.TestMarketplaceListings" name="test_create_listing_without_auth" time="0.075" /><testcase classname="tests.test_marketplace_payments.TestMarketplaceListings" name="test_get_single_listing" time="0.075" /><testcase classname="tests.test_marketplace_payments.TestMarketplaceListings" name="test_get_nonexistent_listing" time="0.037" /><testcase classname="tests.test_marketplace_payments.TestMarketplaceListings" name="test_filter_listings_by_category" time="0.034" /><testcase classname="tests.test_marketplace_payments.TestMarketplaceListings" name="test_search_listings" time="0.082" /><testcase classname="tests.test_marketplace_payments.TestMarketplaceListings" name="test_my_listings" time="0.068" /><testcase classname="tests.test_marketplace_payments.TestStripeCheckout" name="test_create_checkout_session_featured" time="0.423" /><testcase classname="tests.test_marketplace_payments.TestStripeCheckout" name="test_create_checkout_session_pro_monthly" time="0.466" /><testcase classname="tests.test_marketplace_payments.TestStripeCheckout" name="test_create_checkout_session_outfitter" time="0.471" /><testcase classname="tests.test_marketplace_payments.TestStripeCheckout" name="test_create_checkout_invalid_package" time="0.043" /><testcase classname="tests.test_marketplace_payments.TestStripeCheckout" name="test_checkout_with_listing_id" time="0.460" /><testcase classname="tests.test_marketplace_payments.TestPaymentStatus" name="test_get_payment_status_valid_session" time="0.643" /><testcase classname="tests.test_marketplace_payments.TestPaymentStatus" name="test_get_payment_status_invalid_session" time="0.037" /><testcase classname="tests.test_marketplace_payments.TestPaymentTransactions" name="test_get_transactions" time="0.042" /><testcase classname="tests.test_marketplace_payments.TestPaymentTransactions" name="test_get_transactions_by_seller" time="0.493" /></testsuite></testsuites>